Loading config file: config/gna/gnacfg.py
Loading config file: config_local/gna/gnacfg.py
Add observable: peak/spectrum
Variables in namespace 'peak':
  BackgroundRate                =       1000 │        1000±           5 [free]         │ Flat background rate 0
  Mu                            =       2000 │        2000±          10 [free]         │ Peak 0 amplitude
  E0                            =          2 │           2±        0.05 [free]         │ Peak 0 position
  Width                         =        0.5 │         0.5±       0.005 [free]         │ Peak 0 width
Add observable: peak/spectrum_MC
Variables in namespace 'peak':
  BackgroundRate                =       2000 │        1000±           5 [free]         │ Flat background rate 0
  Mu                            =        100 │        2000±          10 [free]         │ Peak 0 amplitude
  E0                            =          3 │           2±        0.05 [free]         │ Peak 0 position
  Width                         =        0.2 │         0.5±       0.005 [free]         │ Peak 0 width
Write graph to: output/tutorial_img/fit/02_fit_models_snapshot_graph.png
Fit result:${
  cpu : 0.0237910239957273,
  errors : [21.044786843888083, 89.87411551001028, 0.019925689550693886, 0.021573688772678953],
  errorsdict : ${
    peak : ${
      BackgroundRate : 21.044786843888083,
      E0 : 0.019925689550693886,
      Mu : 89.87411551001028,
      Width : 0.021573688772678953,
    },
  },
  fun : 4.6533546220329065e-08,
  maxcv : 0.01,
  names : ['peak.BackgroundRate', 'peak.Mu', 'peak.E0', 'peak.Width'],
  nfev : 166,
  npars : 4,
  success : True,
  wall : 0.023801803588867188,
  x : [1000.000584000211, 1999.989446718792, 2.0000031405938894, 0.4999998136336317],
  xdict : ${
    peak : ${
      BackgroundRate : 1000.000584000211,
      E0 : 2.0000031405938894,
      Mu : 1999.989446718792,
      Width : 0.4999998136336317,
    },
  },
}

Save output file: output/tutorial_img/fit/02_fit_models_snapshot.yaml
Variables in namespace 'peak':
  BackgroundRate                =       1000 │        1000±           5 [free]         │ Flat background rate 0
  Mu                            =    1999.99 │        2000±          10 [free]         │ Peak 0 amplitude
  E0                            =          2 │           2±        0.05 [free]         │ Peak 0 position
  Width                         =        0.5 │         0.5±       0.005 [free]         │ Peak 0 width
Save figure output/tutorial_img/fit/02_fit_models_snapshot.png
